<?xml version="1.0" encoding="UTF-8"?>
<testng-results skipped="0" failed="0" total="4" passed="4">
  <reporter-output>
  </reporter-output>
  <suite name="Default Suite" duration-ms="2156" started-at="2020-08-24T08:38:23Z" finished-at="2020-08-24T08:38:25Z">
    <groups>
    </groups>
    <test name="AiCi" duration-ms="2156" started-at="2020-08-24T08:38:23Z" finished-at="2020-08-24T08:38:25Z">
      <class name="demo.AddUsers">
        <test-method status="PASS" signature="addu(java.lang.String, java.lang.String, java.lang.String, java.lang.String, java.lang.String, java.lang.String, java.lang.String, java.lang.String, java.lang.String, java.lang.String, java.lang.String, java.lang.String, java.lang.String, java.lang.String, java.lang.String, java.lang.String, java.lang.String, java.lang.String, java.lang.String, java.lang.String, java.lang.String)[pri:0, instance:demo.AddUsers@1a407d53]" name="addu" duration-ms="985" started-at="2020-08-24T16:38:24Z" data-provider="data" finished-at="2020-08-24T16:38:25Z">
          <params>
            <param index="0">
              <value>
                <![CDATA[添加用户正常流程]]>
              </value>
            </param>
            <param index="1">
              <value>
                <![CDATA[1]]>
              </value>
            </param>
            <param index="2">
              <value>
                <![CDATA[上海市浦东新区]]>
              </value>
            </param>
            <param index="3">
              <value>
                <![CDATA[0]]>
              </value>
            </param>
            <param index="4">
              <value>
                <![CDATA[1]]>
              </value>
            </param>
            <param index="5">
              <value>
                <![CDATA[9999]]>
              </value>
            </param>
            <param index="6">
              <value>
                <![CDATA[510922199108176796]]>
              </value>
            </param>
            <param index="7">
              <value>
                <![CDATA[18721571898]]>
              </value>
            </param>
            <param index="8">
              <value>
                <![CDATA[后裔]]>
              </value>
            </param>
            <param index="9">
              <value>
                <![CDATA[0]]>
              </value>
            </param>
            <param index="10">
              <value>
                <![CDATA[王宝强]]>
              </value>
            </param>
            <param index="11">
              <value>
                <![CDATA[王宝强]]>
              </value>
            </param>
            <param index="12">
              <value>
                <![CDATA[33]]>
              </value>
            </param>
            <param index="13">
              <value>
                <![CDATA[3301]]>
              </value>
            </param>
            <param index="14">
              <value>
                <![CDATA[null]]>
              </value>
            </param>
            <param index="15">
              <value>
                <![CDATA[0]]>
              </value>
            </param>
            <param index="16">
              <value>
                <![CDATA[0]]>
              </value>
            </param>
            <param index="17">
              <value>
                <![CDATA[0]]>
              </value>
            </param>
            <param index="18">
              <value>
                <![CDATA[王宝强]]>
              </value>
            </param>
            <param index="19">
              <value>
                <![CDATA[0]]>
              </value>
            </param>
            <param index="20">
              <value>
                <![CDATA[459625]]>
              </value>
            </param>
          </params>
          <reporter-output>
          </reporter-output>
        </test-method> <!-- addu -->
        <test-method status="PASS" signature="addu(java.lang.String, java.lang.String, java.lang.String, java.lang.String, java.lang.String, java.lang.String, java.lang.String, java.lang.String, java.lang.String, java.lang.String, java.lang.String, java.lang.String, java.lang.String, java.lang.String, java.lang.String, java.lang.String, java.lang.String, java.lang.String, java.lang.String, java.lang.String, java.lang.String)[pri:0, instance:demo.AddUsers@1a407d53]" name="addu" duration-ms="140" started-at="2020-08-24T16:38:25Z" data-provider="data" finished-at="2020-08-24T16:38:25Z">
          <params>
            <param index="0">
              <value>
                <![CDATA[添加用户正常流程]]>
              </value>
            </param>
            <param index="1">
              <value>
                <![CDATA[1]]>
              </value>
            </param>
            <param index="2">
              <value>
                <![CDATA[上海市浦东新区]]>
              </value>
            </param>
            <param index="3">
              <value>
                <![CDATA[0]]>
              </value>
            </param>
            <param index="4">
              <value>
                <![CDATA[1]]>
              </value>
            </param>
            <param index="5">
              <value>
                <![CDATA[123321]]>
              </value>
            </param>
            <param index="6">
              <value>
                <![CDATA[510922199108176796]]>
              </value>
            </param>
            <param index="7">
              <value>
                <![CDATA[18721571898]]>
              </value>
            </param>
            <param index="8">
              <value>
                <![CDATA[王宝强]]>
              </value>
            </param>
            <param index="9">
              <value>
                <![CDATA[0]]>
              </value>
            </param>
            <param index="10">
              <value>
                <![CDATA[王宝强]]>
              </value>
            </param>
            <param index="11">
              <value>
                <![CDATA[王宝强]]>
              </value>
            </param>
            <param index="12">
              <value>
                <![CDATA[33]]>
              </value>
            </param>
            <param index="13">
              <value>
                <![CDATA[3301]]>
              </value>
            </param>
            <param index="14">
              <value>
                <![CDATA[null]]>
              </value>
            </param>
            <param index="15">
              <value>
                <![CDATA[0]]>
              </value>
            </param>
            <param index="16">
              <value>
                <![CDATA[0]]>
              </value>
            </param>
            <param index="17">
              <value>
                <![CDATA[0]]>
              </value>
            </param>
            <param index="18">
              <value>
                <![CDATA[王宝强]]>
              </value>
            </param>
            <param index="19">
              <value>
                <![CDATA[0]]>
              </value>
            </param>
            <param index="20">
              <value>
                <![CDATA[459625]]>
              </value>
            </param>
          </params>
          <reporter-output>
          </reporter-output>
        </test-method> <!-- addu -->
        <test-method status="PASS" signature="addu(java.lang.String, java.lang.String, java.lang.String, java.lang.String, java.lang.String, java.lang.String, java.lang.String, java.lang.String, java.lang.String, java.lang.String, java.lang.String, java.lang.String, java.lang.String, java.lang.String, java.lang.String, java.lang.String, java.lang.String, java.lang.String, java.lang.String, java.lang.String, java.lang.String)[pri:0, instance:demo.AddUsers@1a407d53]" name="addu" duration-ms="141" started-at="2020-08-24T16:38:25Z" data-provider="data" finished-at="2020-08-24T16:38:25Z">
          <params>
            <param index="0">
              <value>
                <![CDATA[添加用户正常流程]]>
              </value>
            </param>
            <param index="1">
              <value>
                <![CDATA[1]]>
              </value>
            </param>
            <param index="2">
              <value>
                <![CDATA[上海市浦东新区]]>
              </value>
            </param>
            <param index="3">
              <value>
                <![CDATA[0]]>
              </value>
            </param>
            <param index="4">
              <value>
                <![CDATA[1]]>
              </value>
            </param>
            <param index="5">
              <value>
                <![CDATA[12332132]]>
              </value>
            </param>
            <param index="6">
              <value>
                <![CDATA[510922199108176796]]>
              </value>
            </param>
            <param index="7">
              <value>
                <![CDATA[18721571898]]>
              </value>
            </param>
            <param index="8">
              <value>
                <![CDATA[蔡徐坤]]>
              </value>
            </param>
            <param index="9">
              <value>
                <![CDATA[0]]>
              </value>
            </param>
            <param index="10">
              <value>
                <![CDATA[王宝强]]>
              </value>
            </param>
            <param index="11">
              <value>
                <![CDATA[王宝强]]>
              </value>
            </param>
            <param index="12">
              <value>
                <![CDATA[33]]>
              </value>
            </param>
            <param index="13">
              <value>
                <![CDATA[3301]]>
              </value>
            </param>
            <param index="14">
              <value>
                <![CDATA[null]]>
              </value>
            </param>
            <param index="15">
              <value>
                <![CDATA[0]]>
              </value>
            </param>
            <param index="16">
              <value>
                <![CDATA[0]]>
              </value>
            </param>
            <param index="17">
              <value>
                <![CDATA[0]]>
              </value>
            </param>
            <param index="18">
              <value>
                <![CDATA[王宝强]]>
              </value>
            </param>
            <param index="19">
              <value>
                <![CDATA[0]]>
              </value>
            </param>
            <param index="20">
              <value>
                <![CDATA[459625]]>
              </value>
            </param>
          </params>
          <reporter-output>
          </reporter-output>
        </test-method> <!-- addu -->
        <test-method status="PASS" signature="addu(java.lang.String, java.lang.String, java.lang.String, java.lang.String, java.lang.String, java.lang.String, java.lang.String, java.lang.String, java.lang.String, java.lang.String, java.lang.String, java.lang.String, java.lang.String, java.lang.String, java.lang.String, java.lang.String, java.lang.String, java.lang.String, java.lang.String, java.lang.String, java.lang.String)[pri:0, instance:demo.AddUsers@1a407d53]" name="addu" duration-ms="125" started-at="2020-08-24T16:38:25Z" data-provider="data" finished-at="2020-08-24T16:38:25Z">
          <params>
            <param index="0">
              <value>
                <![CDATA[添加用户正常流程]]>
              </value>
            </param>
            <param index="1">
              <value>
                <![CDATA[1]]>
              </value>
            </param>
            <param index="2">
              <value>
                <![CDATA[上海市浦东新区]]>
              </value>
            </param>
            <param index="3">
              <value>
                <![CDATA[0]]>
              </value>
            </param>
            <param index="4">
              <value>
                <![CDATA[1]]>
              </value>
            </param>
            <param index="5">
              <value>
                <![CDATA[123123]]>
              </value>
            </param>
            <param index="6">
              <value>
                <![CDATA[510922199108176796]]>
              </value>
            </param>
            <param index="7">
              <value>
                <![CDATA[18721571898]]>
              </value>
            </param>
            <param index="8">
              <value>
                <![CDATA[周星驰]]>
              </value>
            </param>
            <param index="9">
              <value>
                <![CDATA[0]]>
              </value>
            </param>
            <param index="10">
              <value>
                <![CDATA[王宝强]]>
              </value>
            </param>
            <param index="11">
              <value>
                <![CDATA[王宝强]]>
              </value>
            </param>
            <param index="12">
              <value>
                <![CDATA[33]]>
              </value>
            </param>
            <param index="13">
              <value>
                <![CDATA[3301]]>
              </value>
            </param>
            <param index="14">
              <value>
                <![CDATA[null]]>
              </value>
            </param>
            <param index="15">
              <value>
                <![CDATA[0]]>
              </value>
            </param>
            <param index="16">
              <value>
                <![CDATA[0]]>
              </value>
            </param>
            <param index="17">
              <value>
                <![CDATA[0]]>
              </value>
            </param>
            <param index="18">
              <value>
                <![CDATA[王宝强]]>
              </value>
            </param>
            <param index="19">
              <value>
                <![CDATA[0]]>
              </value>
            </param>
            <param index="20">
              <value>
                <![CDATA[459625]]>
              </value>
            </param>
          </params>
          <reporter-output>
          </reporter-output>
        </test-method> <!-- addu -->
      </class> <!-- demo.AddUsers -->
    </test> <!-- AiCi -->
  </suite> <!-- Default Suite -->
</testng-results>
